Check for UNITY_LICENSE in GitHub Secrets	Set up job	﻿2026-04-25T20:54:45.1769496Z Current runner version: '2.333.1'
Check for UNITY_LICENSE in GitHub Secrets	Set up job	2026-04-25T20:54:45.1806575Z ##[group]Runner Image Provisioner
Check for UNITY_LICENSE in GitHub Secrets	Set up job	2026-04-25T20:54:45.1807810Z Hosted Compute Agent
Check for UNITY_LICENSE in GitHub Secrets	Set up job	2026-04-25T20:54:45.1808586Z Version: 20260213.493
Check for UNITY_LICENSE in GitHub Secrets	Set up job	2026-04-25T20:54:45.1809547Z Commit: 5c115507f6dd24b8de37d8bbe0bb4509d0cc0fa3
Check for UNITY_LICENSE in GitHub Secrets	Set up job	2026-04-25T20:54:45.1810666Z Build Date: 2026-02-13T00:28:41Z
Check for UNITY_LICENSE in GitHub Secrets	Set up job	2026-04-25T20:54:45.1811675Z Worker ID: {df79e5f6-9601-4e05-95db-a0446aad078a}
Check for UNITY_LICENSE in GitHub Secrets	Set up job	2026-04-25T20:54:45.1812640Z Azure Region: northcentralus
Check for UNITY_LICENSE in GitHub Secrets	Set up job	2026-04-25T20:54:45.1813578Z ##[endgroup]
Check for UNITY_LICENSE in GitHub Secrets	Set up job	2026-04-25T20:54:45.1816011Z ##[group]Operating System
Check for UNITY_LICENSE in GitHub Secrets	Set up job	2026-04-25T20:54:45.1816941Z Ubuntu
Check for UNITY_LICENSE in GitHub Secrets	Set up job	2026-04-25T20:54:45.1817741Z 24.04.4
Check for UNITY_LICENSE in GitHub Secrets	Set up job	2026-04-25T20:54:45.1818355Z LTS
Check for UNITY_LICENSE in GitHub Secrets	Set up job	2026-04-25T20:54:45.1818832Z ##[endgroup]
Check for UNITY_LICENSE in GitHub Secrets	Set up job	2026-04-25T20:54:45.1819315Z ##[group]Runner Image
Check for UNITY_LICENSE in GitHub Secrets	Set up job	2026-04-25T20:54:45.1819826Z Image: ubuntu-24.04
Check for UNITY_LICENSE in GitHub Secrets	Set up job	2026-04-25T20:54:45.1820252Z Version: 20260413.86.1
Check for UNITY_LICENSE in GitHub Secrets	Set up job	2026-04-25T20:54:45.1821167Z Included Software: https://github.com/actions/runner-images/blob/ubuntu24/20260413.86/images/ubuntu/Ubuntu2404-Readme.md
Check for UNITY_LICENSE in GitHub Secrets	Set up job	2026-04-25T20:54:45.1822592Z Image Release: https://github.com/actions/runner-images/releases/tag/ubuntu24%2F20260413.86
Check for UNITY_LICENSE in GitHub Secrets	Set up job	2026-04-25T20:54:45.1823427Z ##[endgroup]
Check for UNITY_LICENSE in GitHub Secrets	Set up job	2026-04-25T20:54:45.1824383Z ##[group]GITHUB_TOKEN Permissions
Check for UNITY_LICENSE in GitHub Secrets	Set up job	2026-04-25T20:54:45.1826900Z Contents: read
Check for UNITY_LICENSE in GitHub Secrets	Set up job	2026-04-25T20:54:45.1827409Z Metadata: read
Check for UNITY_LICENSE in GitHub Secrets	Set up job	2026-04-25T20:54:45.1827829Z Packages: read
Check for UNITY_LICENSE in GitHub Secrets	Set up job	2026-04-25T20:54:45.1828276Z ##[endgroup]
Check for UNITY_LICENSE in GitHub Secrets	Set up job	2026-04-25T20:54:45.1830336Z Secret source: Actions
Check for UNITY_LICENSE in GitHub Secrets	Set up job	2026-04-25T20:54:45.1831132Z Prepare workflow directory
Check for UNITY_LICENSE in GitHub Secrets	Set up job	2026-04-25T20:54:45.2302529Z Prepare all required actions
Check for UNITY_LICENSE in GitHub Secrets	Set up job	2026-04-25T20:54:45.2387142Z Complete job name: Check for UNITY_LICENSE in GitHub Secrets
Check for UNITY_LICENSE in GitHub Secrets	Run if [ -n "$UNITY_LICENSE" ]; then	﻿2026-04-25T20:54:45.3326624Z ##[group]Run if [ -n "$UNITY_LICENSE" ]; then
Check for UNITY_LICENSE in GitHub Secrets	Run if [ -n "$UNITY_LICENSE" ]; then	2026-04-25T20:54:45.3327889Z [36;1mif [ -n "$UNITY_LICENSE" ]; then[0m
Check for UNITY_LICENSE in GitHub Secrets	Run if [ -n "$UNITY_LICENSE" ]; then	2026-04-25T20:54:45.3328908Z [36;1m  echo "UNITY_LICENSE is set; build will run."[0m
Check for UNITY_LICENSE in GitHub Secrets	Run if [ -n "$UNITY_LICENSE" ]; then	2026-04-25T20:54:45.3330209Z [36;1m  echo "is_unity_license_set=true" >> "$GITHUB_OUTPUT"[0m
Check for UNITY_LICENSE in GitHub Secrets	Run if [ -n "$UNITY_LICENSE" ]; then	2026-04-25T20:54:45.3331496Z [36;1melse[0m
Check for UNITY_LICENSE in GitHub Secrets	Run if [ -n "$UNITY_LICENSE" ]; then	2026-04-25T20:54:45.3332303Z [36;1m  echo "UNITY_LICENSE is NOT set."[0m
Check for UNITY_LICENSE in GitHub Secrets	Run if [ -n "$UNITY_LICENSE" ]; then	2026-04-25T20:54:45.3333911Z [36;1m  echo "Configure UNITY_LICENSE, UNITY_EMAIL, UNITY_PASSWORD secrets to enable Windows packaging."[0m
Check for UNITY_LICENSE in GitHub Secrets	Run if [ -n "$UNITY_LICENSE" ]; then	2026-04-25T20:54:45.3335948Z [36;1m  echo "See README.md → 'GitHub Actions — Portable Windows EXE → Setup'."[0m
Check for UNITY_LICENSE in GitHub Secrets	Run if [ -n "$UNITY_LICENSE" ]; then	2026-04-25T20:54:45.3337388Z [36;1m  echo "is_unity_license_set=false" >> "$GITHUB_OUTPUT"[0m
Check for UNITY_LICENSE in GitHub Secrets	Run if [ -n "$UNITY_LICENSE" ]; then	2026-04-25T20:54:45.3338490Z [36;1mfi[0m
Check for UNITY_LICENSE in GitHub Secrets	Run if [ -n "$UNITY_LICENSE" ]; then	2026-04-25T20:54:45.3672051Z shell: /usr/bin/bash -e {0}
Check for UNITY_LICENSE in GitHub Secrets	Run if [ -n "$UNITY_LICENSE" ]; then	2026-04-25T20:54:45.3673608Z env:
Check for UNITY_LICENSE in GitHub Secrets	Run if [ -n "$UNITY_LICENSE" ]; then	2026-04-25T20:54:45.3674339Z   PROJECT_NAME: OneTry
Check for UNITY_LICENSE in GitHub Secrets	Run if [ -n "$UNITY_LICENSE" ]; then	2026-04-25T20:54:45.3675170Z   UNITY_LICENSE: 
Check for UNITY_LICENSE in GitHub Secrets	Run if [ -n "$UNITY_LICENSE" ]; then	2026-04-25T20:54:45.3676173Z ##[endgroup]
Check for UNITY_LICENSE in GitHub Secrets	Run if [ -n "$UNITY_LICENSE" ]; then	2026-04-25T20:54:45.3937144Z UNITY_LICENSE is NOT set.
Check for UNITY_LICENSE in GitHub Secrets	Run if [ -n "$UNITY_LICENSE" ]; then	2026-04-25T20:54:45.3968719Z Configure UNITY_LICENSE, UNITY_EMAIL, UNITY_PASSWORD secrets to enable Windows packaging.
Check for UNITY_LICENSE in GitHub Secrets	Run if [ -n "$UNITY_LICENSE" ]; then	2026-04-25T20:54:45.4106961Z See README.md → 'GitHub Actions — Portable Windows EXE → Setup'.
Check for UNITY_LICENSE in GitHub Secrets	Report portable EXE artifact availability	﻿2026-04-25T20:54:45.4323710Z ##[group]Run echo "::warning title=Portable EXE artifact is not available::UNITY_LICENSE is missing, so the Windows packaging job is skipped and no OneTry-Win64 ZIP artifact is uploaded for this run."
Check for UNITY_LICENSE in GitHub Secrets	Report portable EXE artifact availability	2026-04-25T20:54:45.4327916Z [36;1mecho "::warning title=Portable EXE artifact is not available::UNITY_LICENSE is missing, so the Windows packaging job is skipped and no OneTry-Win64 ZIP artifact is uploaded for this run."[0m
Check for UNITY_LICENSE in GitHub Secrets	Report portable EXE artifact availability	2026-04-25T20:54:45.4331415Z [36;1mecho "Add UNITY_LICENSE, UNITY_EMAIL, and UNITY_PASSWORD repository secrets, then re-run this workflow to produce the portable EXE artifact."[0m
Check for UNITY_LICENSE in GitHub Secrets	Report portable EXE artifact availability	2026-04-25T20:54:45.4351320Z shell: /usr/bin/bash -e {0}
Check for UNITY_LICENSE in GitHub Secrets	Report portable EXE artifact availability	2026-04-25T20:54:45.4351864Z env:
Check for UNITY_LICENSE in GitHub Secrets	Report portable EXE artifact availability	2026-04-25T20:54:45.4352243Z   PROJECT_NAME: OneTry
Check for UNITY_LICENSE in GitHub Secrets	Report portable EXE artifact availability	2026-04-25T20:54:45.4352807Z ##[endgroup]
Check for UNITY_LICENSE in GitHub Secrets	Report portable EXE artifact availability	2026-04-25T20:54:45.4422580Z ##[warning]UNITY_LICENSE is missing, so the Windows packaging job is skipped and no OneTry-Win64 ZIP artifact is uploaded for this run.
Check for UNITY_LICENSE in GitHub Secrets	Report portable EXE artifact availability	2026-04-25T20:54:45.4430733Z Add UNITY_LICENSE, UNITY_EMAIL, and UNITY_PASSWORD repository secrets, then re-run this workflow to produce the portable EXE artifact.
Check for UNITY_LICENSE in GitHub Secrets	Complete job	﻿2026-04-25T20:54:45.4501794Z Evaluate and set job outputs
Check for UNITY_LICENSE in GitHub Secrets	Complete job	2026-04-25T20:54:45.4509358Z Set output 'is_unity_license_set'
Check for UNITY_LICENSE in GitHub Secrets	Complete job	2026-04-25T20:54:45.4511661Z Cleaning up orphan processes
